<?xml version="1.0" encoding="UTF-8"?>
<testng-results ignored="0" total="1" passed="1" failed="0" skipped="0">
  <reporter-output>
  </reporter-output>
  <suite started-at="2025-04-18T10:05:08 IST" name="Default suite" finished-at="2025-04-18T10:05:16 IST" duration-ms="8038">
    <groups>
    </groups>
    <test started-at="2025-04-18T10:05:08 IST" name="Default test" finished-at="2025-04-18T10:05:16 IST" duration-ms="8038">
      <class name="Validations.TC011_TextInResponseBody">
        <test-method signature="MultipleCookiesValues()[pri:0, instance:Validations.TC011_TextInResponseBody@59505b48]" started-at="2025-04-18T10:05:08 IST" name="MultipleCookiesValues" finished-at="2025-04-18T10:05:16 IST" duration-ms="7801" status="PASS">
          <reporter-output>
          </reporter-output>
        </test-method> <!-- MultipleCookiesValues -->
      </class> <!-- Validations.TC011_TextInResponseBody -->
    </test> <!-- Default test -->
  </suite> <!-- Default suite -->
</testng-results>
